[2025-02-27T19:34:00.137124-03:00] registo_logs.ERROR: admin@bng.com - login inválido [] []
[2025-02-27T19:34:25.777174-03:00] registo_logs.INFO: admin@bng.com - login com sucesso [] []
[2025-02-27T19:34:33.122065-03:00] registo_logs.INFO: admin@bng.com - fez logout [] []
[2025-02-27T19:36:52.669993-03:00] registo_logs.INFO:  - fez logout [] []
[2025-02-27T19:43:58.833511-03:00] registo_logs.INFO: admin@bng.com - login com sucesso [] []
[2025-02-27T19:44:05.126773-03:00] registo_logs.INFO: admin@bng.com - fez logout [] []
[2025-02-27T19:44:25.568051-03:00] registo_logs.INFO: agente1@bng.com - login com sucesso [] []
[2025-02-27T19:44:29.961660-03:00] registo_logs.INFO: agente1@bng.com - fez logout [] []
[2025-02-27T19:45:05.987894-03:00] registo_logs.INFO: agente1@bng.com - login com sucesso [] []
[2025-02-27T19:50:56.635129-03:00] registo_logs.INFO: agente1@bng.com - fez logout [] []
[2025-02-27T19:51:08.759162-03:00] registo_logs.INFO: agente1@bng.com - login com sucesso [] []
[2025-02-27T20:11:23.164423-03:00] registo_logs.INFO: agente1@bng.com - fez logout [] []
[2025-02-27T20:11:31.095375-03:00] registo_logs.INFO: agente1@bng.com - login com sucesso [] []
[2025-02-27T20:13:24.402978-03:00] registo_logs.INFO: agente1@bng.com - fez logout [] []
[2025-02-27T20:14:10.884026-03:00] registo_logs.INFO: agente2@bng.com - login com sucesso [] []
[2025-02-27T20:14:16.907984-03:00] registo_logs.INFO: agente2@bng.com - fez logout [] []
[2025-02-27T20:15:59.839042-03:00] registo_logs.INFO: agente1@bng.com - login com sucesso [] []
[2025-02-27T20:22:36.089418-03:00] registo_logs.INFO: agente1@bng.com - fez logout [] []
[2025-02-27T20:22:45.759136-03:00] registo_logs.INFO: agente2@bng.com - login com sucesso [] []
[2025-02-28T09:56:52.835343-03:00] registo_logs.INFO: agente1@bng.com - login com sucesso [] []
[2025-02-28T10:20:33.751837-03:00] registo_logs.INFO: agente1@bng.com - fez logout [] []
[2025-02-28T10:20:45.505749-03:00] registo_logs.INFO: agente1@bng.com - login com sucesso [] []
[2025-02-28T15:04:17.194898-03:00] registo_logs.INFO: agente1@bng.com - login com sucesso [] []
[2025-02-28T15:35:49.509429-03:00] registo_logs.INFO: agente1@bng.com - fez logout [] []
[2025-02-28T15:36:01.937130-03:00] registo_logs.INFO: agente2@bng.com - login com sucesso [] []
[2025-02-28T15:36:12.761021-03:00] registo_logs.INFO: agente2@bng.com - fez logout [] []
[2025-02-28T15:36:20.961025-03:00] registo_logs.INFO: agente1@bng.com - login com sucesso [] []
[2025-03-01T15:06:23.734585-03:00] registo_logs.INFO: agente1@bng.com - login com sucesso [] []
[2025-03-01T15:07:28.537446-03:00] registo_logs.INFO: agente1@bng.com - adicionou novo cliente: Ana Maria | ana@g.com [] []
[2025-03-01T18:18:04.293347-03:00] registo_logs.INFO: agente1@bng.com - atualizou dados do cliente ID: 1 [] []
[2025-03-01T18:18:15.070401-03:00] registo_logs.INFO: agente1@bng.com - atualizou dados do cliente ID: 2 [] []
[2025-03-01T18:19:03.611566-03:00] registo_logs.INFO: agente1@bng.com - atualizou dados do cliente ID: 7 [] []
[2025-03-01T18:35:42.223147-03:00] registo_logs.INFO: agente1@bng.com - adicionou novo cliente: delete@g.com [] []
[2025-03-01T18:35:53.331506-03:00] registo_logs.INFO: agente1@bng.com - atualizou dados do cliente ID: 8 [] []
[2025-03-01T18:42:11.077875-03:00] registo_logs.INFO: Micro - Eliminado o cliente id: 8 [] []
[2025-03-02T08:25:00.035117-03:00] registo_logs.INFO: agente1@bng.com - login com sucesso [] []
[2025-03-02T08:46:12.871323-03:00] registo_logs.INFO: agente1@bng.com - fez logout [] []
[2025-03-02T08:50:53.148415-03:00] registo_logs.INFO: agente1@bng.com - login com sucesso [] []
